[0m[[0m[0mdebug[0m] [0m[0m> Exec(run -p1 F -p2 r -s 8, Some(68f23bda-fc23-428a-9d48-b4fdd0416312), Some(CommandSource(console0)))[0m
[0m[[0m[0mdebug[0m] [0m[0mEvaluating tasks: Compile / run[0m
[0m[[0m[0mdebug[0m] [0m[0mRunning task... Cancel: Signal, check cycles: false, forcegc: true[0m
[0m[[0m[0minfo[0m] [0m[0mcompiling 1 Scala source to /home/aime_bertrand/Documents/my_first_scala_exercices/target/scala-2.13/classes ...[0m
[0m[[0m[33mwarn[0m] [0m[0m/home/aime_bertrand/Documents/my_first_scala_exercices/src/main/scala/exercices/exercice_tic_tac_toe/Main.scala:65:9: enclosing method main has result type Unit: return value of type Int discarded[0m
[0m[[0m[33mwarn[0m] [0m[0m        return run_without_args()[0m
[0m[[0m[33mwarn[0m] [0m[0m        ^[0m
[0m[[0m[33mwarn[0m] [0m[0m/home/aime_bertrand/Documents/my_first_scala_exercices/src/main/scala/exercices/exercice_tic_tac_toe/Main.scala:70:9: enclosing method main has result type Unit: return value of type Int(84) discarded[0m
[0m[[0m[33mwarn[0m] [0m[0m        return 84[0m
[0m[[0m[33mwarn[0m] [0m[0m        ^[0m
[0m[[0m[33mwarn[0m] [0m[0m/home/aime_bertrand/Documents/my_first_scala_exercices/src/main/scala/exercices/exercice_tic_tac_toe/Main.scala:73:5: enclosing method main has result type Unit: return value of type Int discarded[0m
[0m[[0m[33mwarn[0m] [0m[0m    return run_with_args(args)[0m
[0m[[0m[33mwarn[0m] [0m[0m    ^[0m
[0m[[0m[33mwarn[0m] [0m[0m/home/aime_bertrand/Documents/my_first_scala_exercices/src/main/scala/exercices/exercice_tic_tac_toe/Main.scala:70:16: a pure expression does nothing in statement position[0m
[0m[[0m[33mwarn[0m] [0m[0m        return 84[0m
[0m[[0m[33mwarn[0m] [0m[0m               ^[0m
[0m[[0m[33mwarn[0m] [0m[0mfour warnings found[0m
[0m[[0m[31merror[0m] [0m[0mNonzero exit code: 1[0m
[0m[[0m[31merror[0m] [0m[0m(Compile / [31mrun[0m) Nonzero exit code: 1[0m
[0m[[0m[31merror[0m] [0m[0mTotal time: 2 s, completed Jun 30, 2021, 2:43:51 PM[0m
[0m[[0m[0mdebug[0m] [0m[0m> Exec(shell, None, None)[0m
