[0m[[0m[0mdebug[0m] [0m[0m> Exec(run -p1 F -p2 r -s 8, Some(eeebac96-b5d0-4640-afd8-68e551f65c4e), Some(CommandSource(console0)))[0m
[0m[[0m[0mdebug[0m] [0m[0mEvaluating tasks: Compile / run[0m
[0m[[0m[0mdebug[0m] [0m[0mRunning task... Cancel: Signal, check cycles: false, forcegc: true[0m
[0m[[0m[0minfo[0m] [0m[0mcompiling 1 Scala source to /home/aime_bertrand/Documents/my_first_scala_exercices/target/scala-2.13/classes ...[0m
[0m[[0m[33mwarn[0m] [0m[0m/home/aime_bertrand/Documents/my_first_scala_exercices/src/main/scala/exercices/exercice_tic_tac_toe/game.scala:14:5: match may not be exhaustive.[0m
[0m[[0m[33mwarn[0m] [0m[0mIt would fail on the following input: Failure(_)[0m
[0m[[0m[33mwarn[0m] [0m[0m    turn match {[0m
[0m[[0m[33mwarn[0m] [0m[0m    ^[0m
[0m[[0m[33mwarn[0m] [0m[0mone warning found[0m
[0m[[0m[0minfo[0m] [0m[0mcompiling 1 Scala source to /home/aime_bertrand/Documents/my_first_scala_exercices/target/scala-2.13/classes ...[0m
[0m[[0m[33mwarn[0m] [0m[0m/home/aime_bertrand/Documents/my_first_scala_exercices/src/main/scala/exercices/exercice_tic_tac_toe/Main.scala:62:9: enclosing method main has result type Unit: return value of type Int discarded[0m
[0m[[0m[33mwarn[0m] [0m[0m        return run_without_args()[0m
[0m[[0m[33mwarn[0m] [0m[0m        ^[0m
[0m[[0m[33mwarn[0m] [0m[0m/home/aime_bertrand/Documents/my_first_scala_exercices/src/main/scala/exercices/exercice_tic_tac_toe/Main.scala:67:9: enclosing method main has result type Unit: return value of type Int(84) discarded[0m
[0m[[0m[33mwarn[0m] [0m[0m        return 84[0m
[0m[[0m[33mwarn[0m] [0m[0m        ^[0m
[0m[[0m[33mwarn[0m] [0m[0m/home/aime_bertrand/Documents/my_first_scala_exercices/src/main/scala/exercices/exercice_tic_tac_toe/Main.scala:70:5: enclosing method main has result type Unit: return value of type Int discarded[0m
[0m[[0m[33mwarn[0m] [0m[0m    return run_with_args(args)[0m
[0m[[0m[33mwarn[0m] [0m[0m    ^[0m
[0m[[0m[33mwarn[0m] [0m[0m/home/aime_bertrand/Documents/my_first_scala_exercices/src/main/scala/exercices/exercice_tic_tac_toe/Main.scala:67:16: a pure expression does nothing in statement position[0m
[0m[[0m[33mwarn[0m] [0m[0m        return 84[0m
[0m[[0m[33mwarn[0m] [0m[0m               ^[0m
[0m[[0m[33mwarn[0m] [0m[0mfour warnings found[0m
[0m[[0m[31merror[0m] [0m[0mNonzero exit code: 1[0m
[0m[[0m[31merror[0m] [0m[0m(Compile / [31mrun[0m) Nonzero exit code: 1[0m
[0m[[0m[31merror[0m] [0m[0mTotal time: 18 s, completed Jun 30, 2021, 3:28:52 PM[0m
[0m[[0m[0mdebug[0m] [0m[0m> Exec(shell, None, None)[0m
[0m[[0m[0mdebug[0m] [0m[0mForcing garbage collection...[0m
